Drill report for binary_clock.kicad_pcb
Created on 3/19/2023 12:45:08 AM

Copper Layer Stackup:
    =============================================================
    L1 :  F.Cu                      front
    L2 :  B.Cu                      back


Drill file 'binary_clock-PTH.drl' contains
    plated through holes:
    =============================================================
    T1  0.400mm  0.0157"  (1 hole)
    T2  0.500mm  0.0197"  (2 holes)
    T3  0.700mm  0.0276"  (38 holes)
    T4  0.800mm  0.0315"  (176 holes)
    T5  0.950mm  0.0374"  (3 holes)
    T6  1.000mm  0.0394"  (47 holes)
    T7  2.500mm  0.0984"  (4 holes)

    Total plated holes count 271


Drill file 'binary_clock-NPTH.drl' contains
    unplated through holes:
    =============================================================

    Total unplated holes count 0
